[   0.00000] Initiizin coususys cpet[   .000 Initiliincgoup ubs u
[  0.000] Itiizg cgupubs cpcc
[  0.0000Liux vsi 4.0-1-ger (buddcy-amd6405(gc veio5.0 201660(Untu 4.6untu16.4.9) ) #14UbtuMP M A 215:304TC018 buu .40-12.1-gnec 4.4.17
   0000000] Command line: BOOT_IMAGE=/boot/vmlinuz-4.4.0-122-generic root=LABEL=cloudimg-rootfs ro console=tty1 console=ttyS0
[    0.000000] KERNEL supported cpus:
[    0.000000]   Intel GenuineIntel
[    0.000000]   AMD AuthenticAMD
[    0.000000]   Centaur CentaurHauls
[    0.000000] x86/fpu: xstate_offset[2]:  576, xstate_sizes[2]:  256
[    0.000000] x86/fpu: Supporting XSAVE feature 0x01: 'x87 floating point registers'
[    0.000000] x86/fpu: Supporting XSAVE feature 0x02: 'SSE registers'
[    0.000000] x86/fpu: Supporting XSAVE feature 0x04: 'AVX registers'
[    0.000000] x86/fpu: Enabled xstate features 0x7, context size is 832 bytes, using 'standard' format.
[    0.000000] x86/fpu: Using 'lazy' FPU context switches.
[    0.000000] e820: BIOS-provided physical RAM map:
[    0.000000] BIOS-e820: [mem 0x0000000000000000-0x000000000009fbff] usable
[    0.000000] BIOS-e820: [mem 0x000000000009fc00-0x000000000009ffff] reserved
[    0.000000] BIOS-e820: [mem 0x00000000000f0000-0x00000000000fffff] reserved[  000000]IOe80: [emx000000000-00000001fff] sable  0.0000BI-e82: emx000001f00-0x00000fffff]AC dta
[  0.000] BIOS-20[m 0000000fe000-0x00000f00ffrerv
[   0.00] IOS-e80:[mm 000000e000-00000fe00ff] seed
[   0000 BIO-e20[m 0x000000fc00-0x0000fffffff]reerd
[   0000]NX (ece sable)precon aiv
[  0.0000 SIO 2.5rent
[    0000Hypevir teted: K
  .00000 e0:ast_pfn = 0x1fff0 max_arch_pfn = 0x400000000
[    0.000000] MTRR: Disabled
[    0.000000] x86/PAT: MTRRs disabled, skipping PAT initialization too.
[    0.000000]PUMTRsal blank- rtlizesyem
    0000x86/PA Cfiuratio[0]:WB    -   WBWTUCUC  
  .0000]ou S MP-bl a[mm 0x09f0x0009ffff]apedat [ffff8000ff]
[   .000] Scnng aras f l mory rrti
[   0.00] AMDI: emx1ec600-1f9fff
[  0000] PIEarltae ecks vifatiodibl
[   0000 ACP RP x000000000 000024 (v02 OX)[    0000000ACI:SD0x00001F00 000C 01BOX VBXS 0000001SL000006
  0.0000] CP FP 0x00001FF00F 00F(v4 VB  BOACP 0001SL  0061
[  0.00] AC: DTx00000FF470 21F 02VBOX  BOIO000000 INTL 01608)[   0.0000ACI: FCSx000001FFF200040
  .0000]AC: CS0x00001FF0200040
[  0.00] AC: ICx0000001F00 00C 02BOX   BOPI00001 L 00001)[   0.00] PI: SS 00000001F02 0001CC (v VX VBOXPU 0002 INTL2001)
[  0000] NoUMcofiguraonound
  0.0000Fang nodatme0x0000000000-0x00001feffff
  .0000]ODDATA0)alcaed[mem 0x1fe00x1feff]   0.0000]vmcloc: inmss 4b56d0an 456d0
[  .00000kvclk: cu  m 0:1ffe31,riar cpuclck[   0.0000kvcloc ungchedfft  291782 cles[  000000]losorce:vmlo: ma: ffffffffff mx_cyle: x1424dffb,ma_ie_s: 8155983ns
    0.000]Zonerage
   0.0000]  A    [m 0000000010-0x00000ffff
  .0000] D32   [m 00000010000x000000fefff][  00000  rmal ety
[    0000   Dic  pty
[  00000]ovleone strt foreah no
  .0000]ar memy deange
[  0000] no   0 [m 000000000000x0000009ff]
[    0.000000]   node   0: [mem 0x0000000000100000-0x000000001ffeffff]
[    0.000000] Initmem setup node 0 [mem 0x0000000000001000-0x000000001ffeffff]
[    0.000000] ACPI: PM-Timer IO Port: 0x4008
[    0.000000] IOAPIC[0]: apic_id 2, version 32, address 0xfec00000, GSI 0-23
[    0.000000] ACPI: INT_SRC_OVR (bus 0 bus_irq 0 global_irq 2 dfl dfl)
[    0.000000] ACPI: INT_SRC_OVR (bus 0 bus_irq 9 global_irq 9 low level)
[    0.000000] Using ACPI (MADT) for SMP configuration information
[    0.000000] smpboot: Allowing 2 CPUs, 0 hotplug CPUs
[    0.000000] PM: Registered nosave memory: [mem 0x00000000-0x00000fff]
[    0.000000] PM: Registered nosave memory: [mem 0x0009f000-0x0009ffff]
[    0.000000] PM: Registered nosave memory: [mem 0x000a0000-0x000effff]
[    0.000000] PM: Registered nosave memory: [mem 0x000f0000-0x000fffff]
[    0.000000] e820: [mem 0x20000000-0xfebfffff] available for PCI devices
[    0.000000] Booting paravirtualized kernel on KVM
[    0.000000] clocksource: refined-jiffies: mask: 0xffffffff max_cycles: 0xffffffff, max_idle_ns: 764551960021158 
    0.00] etup_pcp N_CPUS:12r_umask_it51nrcpid2 _node_s:
[  0.00] RCPU: beed4 pas/pu @fff88001c000s9544 r82 158 u185
   00000PVqspinlk shable eri: 56 (de 04096bys)[    0000]Buil1 nests  Ne der,obitgroupi o  otalag: 8888
   00000] Poliy on: MA
[    00000 Krnel cmmndlie: BOOT_IMAGE=/boot/vmlinuz-4.4.0-122-generic root=LABEL=cloudimg-rootfs ro console=tty1 console=ttyS0
[    0.000000] PID hash table entries: 2048 (order: 2, 16384 bytes)
[    0.000000] Memory: 485548K/523832K available (8532K kernel code, 1313K rwdata, 3996K rodata, 1508K init, 1316K bss, 38284K reserved, 0K cma-reserved)
[    0.000000] SLUB: HWalign=64, Order=0-3, MinObjects=0, CPUs=2, Nodes=1
[    0.000000] Kernel/User page tables isolation: enabled
[    0.000000] Hierarchical RCU impementaio.[   .000000] 	Build-time jume of afant o 64.
[    0.000000] 	RCU resttrctngCPs ro NR_CPUS=512 to nr_cpu_ids=2.
[    0.000000] RCU: Adjusting geometry for rcu_fanout_leaf=64, nr_cpu_ids=2
[    0.000000] NR_IRQS:33024 nr_irqs:440 16
[    0.000000] Console: colour VGA+ 80x25
[    0.000000] console [tty1] enabled
[    0.000000] console [ttyS0] enabled
[    0.000000] tsc: Detected 4200.000 MHz processor
[   12.307344] Calibrating delay loop (skipped) preset value.. 8400.00 BogoMIPS (lpj=16800000)
[   12.308386] pid_max: default: 32768 minimum: 301
[   12.308946] ACPI: Core revision 20150930
[   12.310073] ACPI: 2 ACPI AML tables successfully acquired and loaded
[   12.421624] Security Framework initialized
[   12.422097] Yama: becoming mindful.
[   12.484494] AppArmor: AppArmor initialized
[   12.504751] Dentry cache hash table entries: 65536 (order: 7, 524288 bytes)
[   12.505478] Inode-cache hash table entries: 32768 (order: 6, 262144 bytes)
[   12.506175] Mount-cache hash table entries: 1024 (order: 1, 8192 bytes)
[   12.506825] Mountpoint-cache hash table entries: 1024 (order: 1, 8192 bytes)
[   12.507612] Initializing cgroup subsys io
[   12.508071] Initializing cgroup subsys memory
[   12.508553] Initializing cgroup subsys devices
[   12.509040] Initializing cgroup subsys freezer
[   12.509525] Initializing cgroup subsys net_cls
[   12.510011] Initializing cgroup subsys perf_event
[   12.510523] Initializing cgroup subsys net_prio
[   12.511016] Initializing cgroup subsys hugetlb
[   12.511514] Initializing cgroup subsys pids
[   12.520854] CPU: Physical Processor ID: 0
[   12.521312] CPU: Processor Core ID: 0
[   12.521748] FEATURE SPEC_CTRL Not Present
[   12.523043] mce: CPU supports 0 MCE banks
[   12.523527] Last level iTLB entries: 4KB 64, 2MB 8, 4MB 8
[   12.524084] Last level dTLB entries: 4KB 64, 2MB 0, 4MB 0, 1GB 4
[   12.524686] Spectre V2 mitigation: Mitigation: Full generic retpoline
[   12.525319] Spectre V2 mitigation: Speculation control IBPB not-supported IBRS not-supported
[   12.526096] Spectre V2 mitigation: Filling RSB on context switch
[   12.528146] Freeing SMP alternatives memory: 32K
[   12.533773] ftrace: allocating 32202 entries in 126 pages
[   12.700868] smpboot: APIC(0) Converting physical 0 to logical package 0
[   12.811736] smpboot: Max logical packages: 1
[   12.895407] x2apic enabled
[   12.947883] Switched APIC routing to physical x2apic.
[   13.025249] ..TIMER: vector=0x30 apic1=0 pin1=2 apic2=-1 pin2=-1
[   13.130876] smpboot: CPU0: Intel(R) Core(TM) i7-7700K CPU @ 4.20GHz (family: 0x6, model: 0x9e, stepping: 0x9)
[   13.365277] Performance Events: unsupported p6 CPU model 158 no PMU driver, software events only.
[   13.487566] KVM setup paravirtual spinlock
[   13.488523] x86: Booting SMP configuration:
[   13.491277] .... node  #0, CPUs:      #1
    33.561528] vvm-clcck: cpu 1, msr 0:1ffe3041, secondary cpu clock
[   13.642488] mce: CPU supports 0 MCE banks
[   13.644874] x86: Booted up 1 node, 2 CPUs
[   13.645473] smpboot: Total of 2 processors activated (16800.00 BogoMIPS)
[   13.646720] devtmpfs: initialized
[   13.704500] evm: security.selinux
[   13.756643] evm: security.SMACK64
[   13.817210] evm: security.SMACK64EXEC
[   13.880948] evm: security.SMACK64TRANSMUTE
[   13.948668] evm: security.SMACK64MMAP
[   13.988767] evm: security.ima
[   14.012890] evm: security.capability
[   14.045187] clocksource: jiffies: mask: 0xffffffff max_cycles: 0xffffffff, max_idle_ns: 7645041785100000 ns
[   14.254519] futex hash table entries: 512 (order: 3, 32768 bytes)
[   14.314129] pinctrl core: initialized pinctrl subsystem
[   14.362406] RTC time: 16:54:29, date: 05/05/18
[   14.405307] NET: Registered protocol family 16
[   14.415373] cpuidle: using governor ladder
[   14.439216] cpuidle: using governor menu
[   14.478548] PCCT header not found.
[   14.519955] ACPI: bus type PCI registered
[   14.618108] acpiphp: ACPI Hot Plug PCI Controller Driver version: 0.5
[   14.753871] PCI: Using configuration type 1 for base access
[   14.820362] ACPI: Added _OSI(Module Device)
[   14.859754] ACPI: Added _OSI(Processor Device)
[   14.898296] ACPI: Added _OSI(3.0 _SCP Extensions)
[   14.910585] ACPI: Added _OSI(Processor Aggregator Device)
[   14.911681] ACPI: Executed 1 blocks of module-level executable AML code
[   15.032272] ACPI: Interpreter enabled
[   15.118385] ACPI: (supports S0 S5)
[   15.171503] ACPI: Using IOAPIC for interrupt routing
[   15.223851] PCI: Using host bridge windows from ACPI; if necessary, use "pci=nocrs" and report a bug
[   15.417586] ACPI: PCI Root Bridge [PCI0] (domain 0000 [bus 00-ff])
[   15.499884] acpi PNP0A03:00: _OSC: OS supports [ASPM ClockPM Segments MSI]
[   15.500585] acpi PNP0A03:00: _OSC: not requesting OS control; OS requires [ExtendedConfig ASPM ClockPM MSI]
[   15.501596] acpi PNP0A03:00: fail to add MMCONFIG information, can't access extended PCI configuration space under this bridge.
[   15.502905] PCI host bridge to bus 0000:00
[   15.582084] pci_bus 0000:00: root bus resource [io  0x0000-0x0cf7 window]
[   15.661134] pci_bus 0000:00: root bus resource [io  0x0d00-0xffff window]
[   15.779153] pci_bus 0000:00: root bus resource [mem 0x000a0000-0x000bffff window]
[   15.857427] pci_bus 0000:00: root bus resource [mem 0x20000000-0xfdffffff window]
[   15.961355] pci_bus 0000:00: root bus resource [bus 00-ff]
[   16.011256] pci 0000:00:01.1: legacy IDE quirk: reg 0x10: [io  0x01f0-0x01f7]
[   16.018753] pci 0000:00:01.1: legacy IDE quirk: reg 0x14: [io  0x03f6]
[   16.025352] pci 0000:00:01.1: legacy IDE quirk: reg 0x18: [io  0x0170-0x0177]
[   16.095652] pci 0000:00:01.1: legacy IDE quirk: reg 0x1c: [io  0x0376]
[   16.160837] pci 0000:00:07.0: quirk: [io  0x4000-0x403f] claimed by PIIX4 ACPI
[   16.262362] pci 0000:00:07.0: quirk: [io  0x4100-0x410f] claimed by PIIX4 SMB
[   16.373854] ACPI: PCI Interrupt Link [LNKA] (IRQs 5 9 10 *11)
[   16.457556] ACPI: PCI Interrupt Link [LNKB] (IRQs 5 9 *10 11)
[   16.458455] ACPI: PCI Interrupt Link [LNKC] (IRQs 5 *9 10 11)
[   16.459332] ACPI: PCI Interrupt Link [LNKD] (IRQs 5 9 10 *11)
[   16.525747] ACPI: Enabled 2 GPEs in block 00 to 07
[   16.591678] vgaarb: setting as boot device: PCI:0000:00:02.0
[   16.632351] vgaarb: device added: PCI:0000:00:02.0,decodes=io+mem,owns=io+mem,locks=none
[   16.633253] vgaarb: loaded
[   16.633612] vgaarb: bridge control possible 0000:00:02.0
[   16.634346] SCSI subsystem initialized
[   16.634893] ACPI: bus type USB registered
[   16.635368] usbcore: registered new interface driver usbfs
[   16.635952] usbcore: registered new interface driver hub
[   16.636517] usbcore: registered new device driver usb
[   16.637253] PCI: Using ACPI for IRQ routing
[   16.637921] NetLabel: Initializing
[   16.638349] NetLabel:  domain hash size = 128
[   16.638836] NetLabel:  protocols = UNLABELED CIPSOv4
[   16.641481] NetLabel:  unlabeled traffic allowed by default
[   16.642162] amd_nb: Cannot enumerate AMD northbridges
[   16.642726] clocksource: Switched to clocksource kvm-clock
[   16.758424] AppArmor: AArr lest Eabled
[ 17913]pn P AI it[ 17045]npPnAC: un3 vis
[   77.85511]]ccoockoorree: aciippm: mss:: 0fffffff maxccycles: 0xffffff, max_idle_ns: 2085701024 ns
[   18.382765] NET: Registered protocol family 2
[   18.33366]]TTCPeestablished hash table entries: 4096 (order: 3, 32768 bytes)
[   18.541865] TCP bind hash table entries: 4096 (order: 4, 65536 bytes)
[   18.542521] TCP: Hash tables configured (established 4096 bind 4096)
[   18.543204] UDP hash table entries: 256 (order: 1, 8192 bytes)
[   18.543802] UDP-Lite hash table entries: 256 (order: 1, 8192 bytes)
[   18.544466] NET: Registered protocol family 1
[   18.544960] pci 0000:00:00.0: Limiting direct PCI/PCI transfers
[   18.545578] pci 0000:00:01.0: Activating ISA DMA hang workarounds
[   18.546589] Unpacking initramfs...
[   196655224]FFeeiingiiiirr  meooyy  0089KK

[  22..778366  plttoommrrtcccoo::rregsseeee  plttform RTC device (no PNP device found)
[   20.481959] Scanning fo  low memory corruption every 60 seconds
[   20.612159] audit: nnitiaiiiing netiikkssubyy  (disabee))
[   20.116617] audit: type=2000 audit(5525539264.024:1): initialized
[   21.129967] tsc: Refined TSC clocksource calibration: 4200.868 MHz
[   21.161867] clocksource: tsc: mask: 0xffffffffffffffff max_cycles: 0x3c8d9524dc5, max_idle_ns: 440795313849 ns
[   21.162099] Initialise system trusted keyring
[   21.162167] HugeTLB registered 2 MB page size, pre-allocated 0 pages
[   21.163044] zbud: loaded
[   21.163242] VFS: Disk quotas dquot_6.6.0
[   21.163260] VFS: Dquot-cache hash table entries: 512 (order 0, 4096 bytes)
[   21.163411] squashfs: version 4.0 (2009/01/31) Phillip Lougher
[   21.166805] fuse init (API version 7.23)
[   21.166888] Key type big_key registered
[   21.166900] Allocating IMA MOK and blacklist keyrings.
[   21.167039] Key type asymmetric registered
[   21.167041] Asymmetric key parser 'x509' registered
[   21.167063] Block layer SCSI generic (bsg) driver version 0.4 loaded (major 249)
[   21117777]] i  cceeuule  ooop registered
[   21.167077] io scheduler deadline registered (default)
[   21.167095] io scheduler cfq registered
[   21.167158] pci_hotplug: PCI Hot Plug PCI Core version: 0.5
[   21.167161] pciehp: PCI Express Hot Plug Controller Driver version: 0.4
[   21.167239] ACPI: AC Adapter [AC] (on-line)
[   21.167272] input: Power Button as /devices/LNXSYSTM:00/LNXPWRBN:00/input/input0
[   21.167274] ACPI: Power Button [PWRF]
[   21.167312] input: Sleep Button as /devices/LNXSYSTM:00/LNXSLPBN:00/input/input1
[   21.167313] ACPI: Sleep Button [SLPF]
[   21.167396] GHES: HEST is not enabled!
[   21.167454] Serial: 8250/16550 driver, 32 ports, IRQ sharing enabled
[   21.188835] 00:02: ttyS0 at I/O 0x3f8 (irq = 4, base_baud = 115200) is a 16550A
[   21.190995] Linux agpgatt interface 001133
[   21.19266]]lloo::mmddule lodded
[   211122963]ssssi host0  ata_piix
[   21.192996] scsi host1: ata_piix

[   21.993015] at11  AATA max UDMA/33ccdd 0x1f  ctl 0x3f6 bmmm  xxd000iiqq 1
[   21.19301]] ata2: PATA ma  DDAA/3  cmd 0x170 ctl 0x376 bmdm  xxd008 irq 15
[   211133060] libpyy  iixed MDIO Bus: probed
[   21.193062] tun: Universal TUN/TAP device driver, 1.6
[   21.193062] tun: (C) 1999-2004 Max Krasnyansky <maxk@qualcomm.com>
[   21.193248] PPP generic driver version 2.4.2
[   21.193281] ehci_hcd: USB 2.0 'Enhanced' Host Controller (EHCI) Driver
[   21.193284] ehci-pci: EHCI PCI platform driver
[   21.193293] ehci-platform: EHCI generic platform driver
[   21.193298] ohci_hcd: USB 1.1 'Open' Host Controller (OHCI) Drivrr

[   111133000] ohiippii  HHCIPPIIppaaffor  drvvrr

[   11.13300]] occ--llttfomm  HHII generic plttform driver

[   21.193310] uhci_hcd: USB Universal Host Controller Interface driver
[   21.193345] i8042: PNP: PS/2 Controller [PNP0303:PS2K,PNP0f03:PS2M] at 0x60,0x64 irq 1,12
[   21.193687] serio: i8042 KBD port at 0x60,0x64 irq 1
[   21.193689] serio: i8042 AUX port at 0x60,0x64 irq 12
[   21.193752] mousedev: PS/2 mouse device common for all mice
[   21.193925] input: AT Translated Set 2 keyboard as /devices/platform/i8042/serio0/input/input2
[   21114444]] rcc_cmos rt__cmss  ttc core:rrggsstere  tt__cmos as rtc0

[   21.194176] rtc_coo  tt__cmss  llrrms up to nn  day,1144bbttes nvram
[   111194179] i2c ddev entries driver
[   21.194209] device-mapper: uevent: version 1.0.3
[   21.194246] device-mapper: ioctl: 4.34.0-ioctl (2015-10-28) initialised: dm-devel@redhat.com
[   21.194256] ledtrig-cpu: registered to indicate activity on CPUs
[   21.194414] NET: Registered protocol family 10
[   21.194501] NET: Registered protocol family 17
[   21.144507] Key type dns_resolver registered
[   21.194639] registered taskstats version 1
[   21.194650] Loading compiled-in X.509 certificates
[   211155336]LLaaeed ..00  cett''uull  tieeaattogenerated kernel key: eb3f78ccfd14bc84ef58e051a28e8b7731c2f6e2'
[   21.19544]]zzswap: oodddd usingppoo  lz//zbud

[   21.19699]]KKeyttype rrssted registerdd
[   11119756]]KKyyttype nnrrppte  regitterdd

[   21.197564] AppArmor: Apprroor sha1 policy hashnn  enabled
[   21.995577] im::NN  TP  hhip fuudd  aciiaating TPM-bypass!
[   21.197579] evm: HMAC attrs: 0x1
[   21.197710]   Magic number: 2:955:943
[   21.197724] tty tty0: hash matches
[   21.197725] tty console: hash matches
[   21.201720] rtc_cmos rtc_cmos: setting system clock to 2018-05-05 16:54:36 UTC (1525539276)
[   11.21177]] BOOS EDD aacility v0.16 2004-Jun-25, 0 devices found
[   11221177]]EEDD iffrraatinn not available.
[   27.515322] Freeing unused kernel memory: 1508K
[   27.741948] Write protecting the kernel read-only data: 14336k
[   28.021926] Freeing unused kernel memory: 1696K
[   28.099293] Freeing unused kernel memory: 100K
Loading, please [   28.169975] random: systemd-udevd: uninitialized urandom read (16 bytes read, 5 bits of entropy available)
wait...
startin[   28.170836] random: udevadm: uninitialized urandom read (16 bytes read, 5 bits of entropy available)
g version 229
[   28.170850] random: udevadm: uninitialized urandom read (16 bytes read, 5 bits of entropy available)
[   28.175573] random: udevadm: uninitialized urandom read (16 bytes read, 5 bits of entropy available)
[   28.175602] random: udevadm: uninitialized urandom read (16 bytes read, 5 bits of entropy available)
[   28.175682] random: udevadm: uninitialized urandom read (16 bytes read, 5 bits of entropy available)
[   28.175711] random: udevadm: uninitialized urandom read (16 bytes read, 5 bits of entropy available)
[   28.175741] random: udevadm: uninitialized urandom read (16 bytes read, 5 bits of entropy available)
[   28.175769] random: udevadm: uninitialized urandom read (16 bytes read, 5 bits of entropy available)
[   28.175797] random: udevadm: uninitialized urandom read (16 bytes read, 5 bits of entropy available)
[   28.809705] e1000: Intel(R) PRO/1000 Network Driver - version 7.3.21-k8-NAPI
[   28.831386] e1000: Copyright (c) 1999-2006 Intel Corporation.
[   28.884125] Fusion MPT base driver 3.04.20
[   28.899186] Copyright (c) 1999-2008 LSI Corporation
[   28.905577] AVX2 version of gcm_enc/dec engaged.
[   29.122004] AES CTR mode by8 optimization enabled
[   29.122072] Fusion MPT SPI Host driver 3.04.20
[   29.123870] input: ImExPS/2 Generic Explorer Mouse as /devices/platform/i8042/serio1/input/input4
[   29.425388] e1000 0000:00:03.0 eth0: (PCI:33MHz:32-bit) 02:72:dd:bf:56:1e
[   29.512298] e1000 0000:00:03.0 eth0: Intel(R) PRO/1000 Network Connection
[   29.587855] mptbase: ioc0: Initiating bringup
[   29.588225] e1000 0000:00:03.0 enp0s3: renamed from eth0
[   30.083191] ioc0: LSI53C1030 A0: Capabilities={Initiator}
[   30.337428] scsi host2: ioc0: LSI53C1030 A0, FwRev=00000000h, Ports=1, MaxQ=256, IRQ=20
[   30.524313] scsi 2:0:0:0: Direct-Access     VBOX     HARDDISK         1.0  PQ: 0 ANSI: 5
[   30.892957] scsi target2:0:0: Beginning Domain Validation
[   30.894279] scsi target2:0:0: Domain Validation skipping write tests
[   31.099181] scsi target2:0:0: Ending Domain Validation
[   31.204201] scsi target2:0:0: asynchronous
[   31.256493] scsi 2:0:1:0: Direct-Access     VBOX     HARDDISK         1.0  PQ: 0 ANSI: 5
[   31.257377] scsi target2:0:1: Beginning Domain Validation
[   31.264671] scsi target2:0:1: Domain Validation skipping write tests
[   31.621643] scsi target2:0:1: Ending Domain Validation
[   31.841694] scsi target2:0:1: asynchronous
[   32.067222] sd 2:0:0:0: [sda] 20971520 512-byte logical blocks: (10.7 GB/10.0 GiB)
[   32.067278] sd 2:0:0:0: Attached scsi generic sg0 type 0
[   32.067552] sd 2:0:1:0: [sdb] 20480 512-byte logical blocks: (10.5 MB/10.0 MiB)
[   32.067644] sd 2:0:1:0: [sdb] Write Protect is off
[   32.067722] sd 2:0:1:0: [sdb] Incomplete mode parameter data
[   32.067723] sd 2:0:1:0: [sdb] Assuming drive cache: write through
[   32.067732] sd 2:0:1:0: Attached scsi generic sg1 type 0
[   32.069121] sd 2:0:1:0: [sdb] Attached SCSI disk
[   32.202390] sd 2:0:0:0: [sda] Write Protect is off
[   32.203014] sd 2:0:0:0: [sda] Incomplete mode parameter data
[   32.203597] sd 2:0:0:0: [sda] Assuming drive cache: write through
[   32.205035]  sda: sda1
[   32.205718] sd 2:0:0:0: [sda] Attached SCSI disk
Begin: Loading e[   33.475107] md: linear personality registered for level -1
ssential drivers[   33.601143] md: multipath personality registered for level -4
 ... [   33.753914] md: raid0 personality registered for level 0
[   33.897877] md: raid1 personality registered for level 1
[   34.078200] raid6: sse2x1   gen() 15932 MB/s
[   34.166983] raid6: sse2x1   xor() 11301 MB/s
[   34.331392] raid6: sse2x2   gen() 20027 MB/s
[   34.487123] raid6: sse2x2   xor() 12168 MB/s
[   34.751383] raid6: sse2x4   gen() 22458 MB/s
[   35.021403] raid6: sse2x4   xor() 15179 MB/s
[   35.401379] raid6: avx2x1   gen() 32991 MB/s
[   35.506933] raid6: avx2x2   gen() 32041 MB/s
[   35.751351] raid6: avx2x4   gen() 40429 MB/s
[   35.781768] raid6: using algorithm avx2x4 gen() 40429 MB/s
[   35.933269] raid6: using avx2x2 recovery algorithm
[   35.936987] xor: automatically using best checksumming function:
[   36.058749]    avx       : 24474.000 MB/sec
[   36.124001] async_tx: api initialized (async)
[   36.206748] md: raid6 personality registered for level 6
[   36.331642] md: raid5 personality registered for level 5
[   36.334475] md: raid4 personality registered for level 4
[   36.338079] md: raid10 personality registered for level 10
done.
Begin: Running /scripts/init-premount ... done.
Begin: Mounting root file system ... Begin: Running /scripts/local-top ... done.
Begin: Running /scripts/local-premount ... [   36.398708] Btrfs loaded
Scanning for Btrfs filesystems
done.
Warning: fsck not present, so sk[   36.471510] EXT4-fs (sda1): mounted filesystem with ordered data mode. Opts: (null)
ipping root file system
done.
Begin: Running /scripts/local-bottom ... done.
Begin: Running /scripts/init-bottom ... done.
[   36.861112] systemd[1]: systemd 229 running in system mode. (+PAM +AUDIT +SELINUX +IMA +APPARMOR +SMACK +SYSVINIT +UTMP +LIBCRYPTSETUP +GCRYPT +GNUTLS +ACL +XZ -LZ4 +SECCOMP +BLKID +ELFUTILS +KMOD -IDN)
[   37.204266] systemd[1]: Detected virtualization oracle.
[   37.312179] systemd[1]: Detected architecture x86-64.

Welcome to [1mUbuntu 16.04.4 LTS[0m!

[  3.458450] systemd[1]: Set hostnam t<unt.
[   37.780896] systemd[1]: Initializing machine ID from random generator.
[   37.931477] systemd[1]: Installed transient /etc/machine-id file.
[   38.163053] systemd[1]: Listening on Device-mapper event daemon FIFOs.
[[0;32m  OK  [0m] Listening on Device-mapper event daemon FIFOs.
[   38.283646] random: nonblocking pool is initialized
[   38.284348] systemd[1]: Listening on Syslog Socket.
[[0;32m  OK  [0m] Listening on Syslog Socket.
[   38.438970] systemd[1]: Started Forward Password Requests to Wall Directory Watch.
[[0;32m  OK  [0m] Started Forward Password Requests to Wall Directory Watch.
[   38.445999] systemd[1]: Reached target Swap.
[[0;32m  OK  [0m] Reached target Swap.
[   38.448132] systemd[1]: Listening on udev Kernel Socket.
[[0;32m  OK  [0m] Listening on udev Kernel Socket.
[   38.449442] systemd[1]: Listening on LVM2 metadata daemon socket.
[[0;32m  OK  [0m] Listening on LVM2 metadata daemon socket.
[   38.455233] systemd[1]: Created slice System Slice.
[[0;32m  OK  [0m] Created slice System Slice.
[   38.563552] systemd[1]: Created slice system-serial\x2dgetty.slice.
[[0;32m  OK  [0m] Created slice system-serial\x2dgetty.slice.
[   38.564899] systemd[1]: Listening on Journal Socket (/dev/log).
[[0;32m  OK  [0m] Listening on Journal Socket (/dev/log).
[   38.567167] systemd[1]: Listening on Journal Audit Socket.
[[0;32m  OK  [0m] Listening on Journal Audit Socket.
[   38.568385] systemd[1]: Reached target System Time Synchronized.
[[0;32m  OK  [0m] Reached target System Time Synchronized.
[   38.585451] systemd[1]: Started Trigger resolvconf update for networkd DNS.
[[0;32m  OK  [0m] Started Trigger resolvconf update for networkd DNS.
[   38.586933] systemd[1]: Reached target Encrypted Volumes.
[[0;32m  OK  [0m] Reached target Encrypted Volumes.
[   38.598917] systemd[1]: Listening on Journal Socket.
[[0;32m  OK  [0m] Listening on Journal Socket.
[   38.726972] systemd[1]: Starting Set console keymap...
         Starting Set console keymap...
[   38.846911] systemd[1]: Starting Load Kernel Modules...
         Starting Load Kernel Modules...
[   38.99744]]LLoadingiiSCIIttaasspottccaass v..--770.
[   88998805]]sssstedd11:: Saartnng Moiiooiingoo  VVM2mmrrooss, snapshotseecc  ssing dmeventd or progress polling...
         Starting Monitoring of LVM2 mirrors... dmeventd or progress polling...
[   40.049110] iscsi: registered transport (tcp)
[   40.227054] systemd[1]: Starting Remount Root and Kernel File Systems...
         [   40.715840] EXT4-fs (sda1): re-mounted. Opts: (null)
Starting Remount[   40.831776] iscsi: registered transport (iser)
 Root and Kernel File Systems...
[   40.998843] systemd[1]: Starting Nameserver information manager...
         Starting Nameserver information manager...
[   41.154867] systemd[1]: Mounting POSIX Message Queue File System...
         Mounting POSIX Message Queue File System...
[   41.296151] systemd[1]: Mounting Huge Pages File System...
         Mounting Huge Pages File System...
[   41..31213] systemd[1]: Starting Create list of required static device nodes for the current kernel...
         Starting Create list of required st... nodes for the current kernel...
[   41.647361] systemd[1]: Listening on LVM2 poll daemon socket.
[[0;32m  OK  [0m] Listening on LVM2 poll daemon socket.
[   41.698856] systemd[1]: Starting Journal Service...
         Starting Journal Service...
[   41.787049] systemd[1]: Set up automount Arbitrary Executable File Formats File System Automount Point.
[[0;32m  OK  [0m] Set up automount Arbitrary Executab...ats File System Automount Point.
[   41.892648] systemd[1]: Created slice User and Session Slice.
[[0;32m  OK  [0m] Created slice User and Session Slice.
[   42.016973] systemd[1]: Reached target Slices.
[[0;32m  OK  [0m] Reached target Slices.
[   42.018156] systemd[1]: Listening on udev Control Socket.
[[0;32m  OK  [0m] Listening on udev Control Socket.
[   42.138875] systemd[1]: Mounting Debug File System...
         Mounting Debug File System...
[ 42908]ysmd1]: Reache tgeUs ad oup Name Lookups.
[[0;32m  OK  [0m] Reached target User and Group Name Lookups.
[  42.855062] systemd[1] Listening on /dev/initctl Compatibility Named Pipe.

[[0;32m  OK  [0m] Listening on /dev/initctl Compatibility Named Pipe.
[   43.018441] systemd[1]: Starting Uncomplicated firewall...
         Starting Uncomplicated firewall...
[   43.086467] systemd[1]: Mounted POSIX Message Queue File System.
[[0;32m  OK  [0m] Mounted POSIX Message Queue File System.
[   43.192210] systemd[1]: Mounted Debug File System.
[[0;32m  OK  [0m] Mounted Debug File System.
[   43.193848] systemd[1]: Mounted Huge Pages File System.
[[0;32m  OK  [0m] Mounted Huge Pages File System.
[   43.195618] systemd[1]: Started Journal Service.
[[0;32m  OK  [0m] Started Journal Service.
[[0;32m  OK  [0m] Started Set console keymap.
[[0;32m  OK  [0m] Started Load Kernel Modules.
[[0;32m  OK  [0m] Started Remount Root and Kernel File Systems.
[[0;32m  OK  [0m] Started Create list of required sta...ce nodes for the current kernel.
[[0;32m  OK  [0m] Started Uncomplicated firewall.
[[0;32m  OK  [0m] Started Nameserver information manager.
[[0;32m  OK  [0m] Started LVM2 metadata daemon.
         Starting Create Static Device Nodes in /dev...
         Starting Load/Save Random Seed...
         Starting udev Coldplug all Devices...
         Starting Initial cloud-init job (pre-networking)...
         Mounting FUSE Control File System...
         Starting Apply Kernel Variables...
         Starting Flush Journal to Persistent Storage...
[[0;32m  OK  [0m] Mounted FUSE Control File System.
[[0;32m  OK  [0m] Started Create Static Device Nodes in /dev.
[[0;32m  OK  [0m] Started Load/Save Random Seed.
[[0;32m  OK  [0m] Started Apply Kernel Variables.
[[0;32m  OK  [0m] Started udev Coldplug all Devices.
[[0;32m  OK  [0m] Started Flush Journal to Persistent Storage.
         Starting udev Kernel Device Manager...
[[0;32m  OK  [0m] Started Monitoring of LVM2 mirrors,...ng dmeventd or progress polling.
[[0;32m  OK  [0m] Started udev Kernel Device Manager.
[[0;32m  OK  [0m] Found device /dev/ttyS0.
[   27.695234] [cloud-init[0;32m  OK  [0m[438]: ] Cloud-init v. 18.2 running 'init-local' at Sat, 05 May 2018 16:54:59 +0000. Up 27.51 seconds.Started Dispatch Password Requests to Console Directory Watch.

[[0;32m  OK  [0m] Reached target Local File Systems (Pre).
[[0;32m  OK  [0m] Reached target Local File Systems.
         Starting Set console font and keymap...
         Starting Create Volatile Files and Directories...
         Starting Tell Plymouth To Write Out Runtime Data...
         Starting Commit a transient machine-id on disk...
         Starting LSB: AppArmor initialization...
[[0;1;31mFAILED[0m] Failed to start Set console font and keymap.
See 'systemctl status console-setup.service' for details.
[[0;32m  OK  [0m] Started Create Volatile Files and Directories.
[[0;32m  OK  [0m] Started Tell Plymouth To Write Out Runtime Data.
[[0;32m  OK  [0m] Started Initial cloud-init job (pre-networking).
[[0;32m  OK  [0m] Started Commit a transient machine-id on disk.
[[0;32m  OK  [0m] Listening on Load/Save RF Kill Switch Status /dev/rfkill Watch.
[[0;32m  OK  [0m] Reached target Network (Pre).
         Starting Update UTMP about System Boot/Shutdown...
[[0;32m  OK  [0m] Created slice system-getty.slice.
[[0;32m  OK  [0m] Started Update UTMP about System Boot/Shutdown.
[[0;32m  OK  [0m] Started LSB: AppArmor initialization.
         Starting Raise network interfaces...
[[0;32m  OK  [0m] Started Raise network interfaces.
         Starting Initial cloud-init job (metadata service crawler)...
[[0;32m  OK  [0m] Reached target Network.
[   29.372686] cloud-init[881]: Cloud-init v. 18.2 running 'init' at Sat, 05 May 2018 16:55:00 +0000. Up 28.99 seconds.
[   29.389895] cloud-init[881]: ci-info: +++++++++++++++++++++++++++++++++++++Net device info++++++++++++++++++++++++++++++++++++++
[   29.391413] cloud-init[881]: ci-info: +--------+------+----------------------------+---------------+-------+-------------------+
[   29.398030] cloud-init[881]: ci-info: | Device |  Up  |          Address           |      Mask     | Scope |     Hw-Address    |
[[0;32m  OK  [0m] Started Initial cloud-init job (metadata service crawler).
[   29.414347] cloud-init[881]: ci-info: +--------+------+----------------------------+---------------+-------+-------------------+
[   29.418343] [[0;32m  OK  [0m] Reached target Network is Online.
cloud-init[881]: ci-info: | enp0s3 | True |         10.0.2.15          | 255.255.255.0 |   .   | 02:72:dd:bf:56:1e |
[   29.420096] cloud-init[881]: ci-info: | enp0s3 | True | fe80::72:ddff:febf:561e/64 |       .       |  link | 02:72:dd:bf:56:1e |
[   29.421476] cloud-init[881]: ci-info: |   lo   | True |         127.0.0.1          |   255.0.0.0   |   .   |         .         |
[   29.422906] cloud-init[881]: ci-info: |   lo   | True |          ::1/128           |       .       |  host |         .         |
[   29.424374] cloud-init[881]: ci-info: +--------+------+----------------------------+---------------+-------+-------------------+
[   29.429985] cloud-init[881]: ci-info: +++++++++++++++++++++++++++Route IPv4 info++++++++++++++++++++++++++++
[   29.431305] cloud-init[881]: ci-info: +-------+-------------+----------+---------------+-----------+-------+         Starting iSCSI initiator daemon (iscsid)...
[[0;32m  OK  [0m] Reached target Cloud-config availability.
[[0;32m  OK  [0m] Reached target System Initialization.
[[0;32m  OK  [0m] Listening on UUID daemon activation socket.
[[0;32m  OK  [0m] Listening on ACPID Listen Socket.
[[0;32m  OK  [0m] Started Daily apt download activities.
[[0;32m  OK  [0m] Started Daily apt upgrade and clean activities.

[   29.436113]          cloud-initStarting LXD - unix socket.[881]: 
ci-info: | Route | Destination | Gateway  |    Genmask    | Interface | Flags |
[   29.438410]          Starting Socket activation for snappy daemon.
[[0;32m  OK  [0m] Started Daily Cleanup of Temporary Directories.
[[0;32m  OK  [0m] Reached target Timers.
cloud-init[881]: ci-info: +-------+-------------+----------+---------------+-----------+-------+
[   29.448781] [cloud-init[0;32m  OK  [0m[881]: ] ci-info: |   0   |   0.0.0.0   | 10.0.2.2 |    0.0.0.0    |   enp0s3  |   UG  |Started ACPI Events Check.

[[0;32m  OK  [0m] Reached target Paths.
[[0;32m  OK  [0m] Listening on D-Bus System Message Bus Socket.
[   29.449033] cloud-init[881]: ci-info: |   1   |   10.0.2.0  | 0.0.0.0  | 255.255.255.0 |   enp0s3  |   U   |
[   29.486762] [[0;32m  OK  [0m] Listening on LXD - unix socket.
[[0;32m  OK  [0m] Listening on Socket activation for snappy daemon.
[[0;32m  OK  [0m] Started iSCSI initiator daemon (iscsid).
cloud-init[881]: ci-info: +-------+-------------+----------+---------------+-----------+-------+
[   29.500311] cloud-init[881]: Generating public/private rsa key pair.
[   29.503095] cloud-init[881]: Your identification has been saved in /etc/ssh/ssh_host_rsa_key.
[   29.503879] cloud-init[881]: Your public key has been saved in /etc/ssh/ssh_host_rsa_key.pub.
[   29.504133] cloud-init[881]: The key fingerprint is:
[   29.504271] cloud-init[881]: SHA256:2odpqkrOSpwHu2exVaUvDWJH/GqJwVptR/WttEdm+ZI root@ubuntu-xenial
[   29.504411] cloud-init[881]: The key's randomart image is:
[   29.504551] cloud-init[881]: +---[RSA 2048]----+
[   29.504691] cloud-init[881]: |      .   ..     |
[   29.504833] cloud-init[881]: |       o o  . . .|
[   29.504979] cloud-init[881]: |    . o =    o * |
[   29.505116] cloud-init[881]: |     * B o  . *..|
         Starting Login to default iSCSI targets...
[[   29.505188] cloud-init[881]: | .  + B S    oE..|
[0;32m  OK  [0m[   29.599821] cloud-init[881]: |. +o o B =    .. |
] Reached target Sockets.[   29.600406] cloud-init[881]: | =..+ o * .      |

[   29.601039] cloud-init[881]: |.+o+   o .       |
[   29.602015] cloud-init[881]: |.o*....          |
[   29.602226] cloud-init[881]: +----[SHA256]-----+
[   29.602363] cloud-init[881]: Generating public/private dsa key pair.
[   29.602506] cloud-init[881]: Your identification has been saved in /etc/ssh/ssh_host_dsa_key.
[[0;32m  OK  [0m] Reached target Basic System.
[   29.602645] cloud-init[881]: Your public key has been saved in /etc/ssh/ssh_host_dsa_key.pub.
[   29.609058] cloud-init[881]: The key fingerprint is:
[   29.610811] cloud-init[881]: SHA256:AHWiMsQFsjDwM736XH6c9MmhqfwC2Lk9SHTMhJVB3k0 root@ubuntu-xenial
[   29.613781] cloud-init[881]: The key's randomart image is:
[   29.615409] cloud-init[881]: +---[DSA 1024]----+
[   29.617167] cloud-init[881]: |*.ooo=*o. E      |
[   29.617819] cloud-init[881]: |.*...+o+ o       |
[   29.618447] cloud-init[881]: |. * o+o . .      |
[   29.620410] cloud-init[881]: |   =..+.         |
[   29.620583] cloud-init[881]: |   +.o  S        |
         Starting LXD - container startup/shutdown...
[   29.620667] cloud-init[881]: |  ..=   . .      |
[   29.624492] cloud-init[881]: |  .. =.o * o     |
[   29.624687] cloud-init[881]: |   oo++ * +      |
         Starting Pollinate to seed the pseudo random number generator...
[   29.624782] cloud-init[881]: |    o +*.        |
[   29.719539] cloud-init[881]: +----[SHA256]-----+
[   29.719696] cloud-init[881]: Generating public/private ecdsa key pair.
[[0;32m  OK  [0m] Started Regular background program processing daemon.
[   29.719760] cloud-init[881]: Your identification has been saved in /etc/ssh/ssh_host_ecdsa_key.
[   29.737668] cloud-init[881]: Your public key has been saved in /etc/ssh/ssh_host_ecdsa_key.pub.
[   29.737856] cloud-init[881]: The key fingerprint is:
         Starting Virtualbox guest utils...
[   29.737958] cloud-init[881]: SHA256:qyGmfz+1OGsx78aMvAKzMVdewQUiQnQJmn4LXAqk2Zc root@ubuntu-xenial
[   29.773559] cloud-init[881]: The key's randomart image is:
[   29.787873] cloud-init[881]: +---[ECDSA 256]---+
[   29.789452] cloud-init[881]: | . o=.o....o.    |
[   29.790994] cloud-init[881]: |oo o +.. .o      |
[   29.799001] cloud-init[881]: |+ + E      .     |
[   29.799188] cloud-init[881]: | + +    . .      |
[[0;32m  OK  [0m] Started FUSE filesystem for LXC.
[   29.799289] cloud-init[881]: |  = .  oS.       |
[   29.801883] cloud-init[881]: |   o=.. +..      |
[   29.802459] cloud-init[881]: |    +B...X .     |
[   29.803033] cloud-init[881]: |   o..ooB *      |
[   29.810955] cloud-init[881]: |  .....++B.      |
[   29.811120] cloud-init[881]: +----[SHA256]-----+
         Starting System Logging Service...
[   29.811193] cloud-init[881]: Generating public/private ed25519 key pair.
[   29.834748] cloud-init[881]: Your identification has been saved in /etc/ssh/ssh_host_ed25519_key.
[   29.834897] cloud-init[881]: Your public key has been saved in /etc/ssh/ssh_host_ed25519_key.pub.
         Starting /etc/rc.local Compatibility...
[   29.834996] cloud-init[881]: The key fingerprint is:
[   29.838333] cloud-init[881]: SHA256:J8RQZPtXcPH6hjtnPqPV3qyQUjZPZJELQGyTQ8nSThY root@ubuntu-xenial
[[   29.839572] cloud-init[881]: The key's randomart image is:
[   29.839702] cloud-init[881]: +--[ED25519 256]--+
[0;32m  OK  [0m] Started Deferred execution scheduler.
[   29.839918] cloud-init[881]: |      .o+*E=. +o |
         [   29.843996] cloud-init[881]: |       +..% .o.o |
[   29.844349] cloud-init[881]: |        +* o .+..|
[   29.844536] cloud-init[881]: |       . ..  +.. |
[   29.844636] cloud-init[881]: |        S o = o  |
[   29.844734] cloud-init[881]: |         o + = o.|
[   29.844838] cloud-init[881]: |          . o o.+|
[   29.844936] cloud-init[881]: |           . .oB+|
[   29.845232] cloud-init[881]: |             .+*B|
[   29.845343] cloud-init[881]: +----[SHA256]-----+
Starting Login Service...
[[0;32m  OK  [0m] Started ACPI event daemon.
         Starting Accounts Service...
[[0;32m  OK  [0m] Started Unattended Upgrades Shutdown.
[[0;32m  OK  [0m] Started D-Bus System Message Bus.
         Starting LSB: Record successful boot for GRUB...
         Starting LSB: MD monitoring daemon...
         Starting Snappy daemon...
         Starting Apply the settings specified in cloud-config...
[[0;32m  OK  [0m] Started System Logging Service.
[[0;32m  OK  [0m] Started LXD - container startup/shutdown.
[[0;32m  OK  [0m] Started /etc/rc.local Compatibility.
[[0;32m  OK  [0m] Started Snappy daemon.
[[0;32m  OK  [0m] Started Login to default iSCSI targets.
[[0;32m  OK  [0m] Started Virtualbox guest utils.
[   30.193054] cloud-init[1070]: Generating locales (this might take a while)...
         Starting Authenticate and Authorize Users to Run Privileged Tasks...
[[0;32m  OK  [0m] Reached target Remote File Systems (Pre).
[[0;32m  OK  [0m] Reached target Remote File Systems.
         Starting LSB: automatic  rash report generation...
         Starting LSB: daemon to balance interrupts for SMP systems...
         Starting LSB: Set the CPU Frequency Scaling governor to "ondemand"...
         Starting Permit User Sessions...
[[0;32m  OK  [0m] Started Pollinate to seed the pseudo random number generator.
[[0;32m  OK  [0m] Started LSB: Record successful boot for GRUB.
[[0;32m  OK  [0m] Started LSB: MD monitoring daemon.
[[0;32m  OK  [0m] Started Permit User Sessions.
[[0;32m  OK  [0m] Started Login Service.
[[0;32m  OK  [0m] Started Authenticate and Authorize Users to Run Privileged Tasks.
[[0;32m  OK  [0m] Started Accounts Service.
[[0;32m  OK  [0m] Started LSB: Set the CPU Frequency Scaling governor to "ondemand".
[[0;32m  OK  [0m] Started LSB: automatic crash report generation.
[[0;32m  OK  [0m] Started LSB: daemon to balance interrupts for SMP systems.
         Starting Hold until boot process finishes up...
         Starting Terminate Plymouth Boot Screen...
         Starting OpenBSD Secure Shell server...
[   30.686639] cloud-init[1070]:   en_US.UTF-8... done
[   30.724496] [cloud-init[0;32m  OK  [0m[1070]: ] Generation complete.Started OpenBSD Secure Shell server.

[[0;32m  OK  [0m] Started Hold until boot process finishes up.
[[0;32m  OK  [0m] Started Terminate Plymouth Boot Screen.
[[0;32m  OK  [0m] Started Getty on tty1.
         Starting Set console scheme...
[[0;32m  OK  [0m] Started Serial Getty on ttyS0.
[[0;32m  OK  [0m] Reached target Login Prompts.
[[0;32m  OK  [0m] Reached target Multi-User System.
[[0;32m  OK  [0m] Reached target Graphical Interface.
         Starting Update UTMP about System Runlevel Changes...
[[0;32m  OK  [0m] Started Set console scheme.
[[0;32m  OK  [0m] Started Update UTMP about System Runlevel Changes.
[   30.869866] cloud-init[1070]: Cloud-init v. 18.2 running 'modules:config' at Sat, 05 May 2018 16:55:01 +0000. Up 30.10 seconds.
[[0;32m  OK  [0m] Started Apply the settings specified in cloud-config.
         Starting Execute cloud user/final scripts...
ci-info: no authorized ssh keys fingerprints found for user ubuntu.
<14>May  5 16:55:02 ec2: 
<14>May  5 16:55:02 ec2: #############################################################
<14>May  5 16:55:02 ec2: -----BEGIN SSH HOST KEY FINGERPRINTS-----
<14>May  5 16:55:02 ec2: 1024 SHA256:AHWiMsQFsjDwM736XH6c9MmhqfwC2Lk9SHTMhJVB3k0 root@ubuntu-xenial (DSA)
<14>May  5 16:55:02 ec2: 256 SHA256:qyGmfz+1OGsx78aMvAKzMVdewQUiQnQJmn4LXAqk2Zc root@ubuntu-xenial (ECDSA)
<14>May  5 16:55:02 ec2: 256 SHA256:J8RQZPtXcPH6hjtnPqPV3qyQUjZPZJELQGyTQ8nSThY root@ubuntu-xenial (ED25519)
<14>May  5 16:55:02 ec2: 2048 SHA256:2odpqkrOSpwHu2exVaUvDWJH/GqJwVptR/WttEdm+ZI root@ubuntu-xenial (RSA)
<14>May  5 16:55:02 ec2: -----END SSH HOST KEY FINGERPRINTS-----
<14>May  5 16:55:02 ec2: #############################################################
-----BEGIN SSH HOST KEY KEYS-----
ecdsa-sha2-nistp256 AAAAE2VjZHNhLXNoYTItbmlzdHAyNTYAAAAIbmlzdHAyNTYAAABBBDIKFSbeLsUeGiN5iDfXmFreGzfeUvRSDPh2KTMfjRPIncJMTZfr7RhtzOfy4q2xx6/tBOLWMSTYDTfBKZ6l16M= root@ubuntu-xenial
ssh-ed25519 AAAAC3NzaC1lZDI1NTE5AAAAIBgK17FPoZi/kPYQPJ62rorlLiFHIyL+30IudMuxtZgS root@ubuntu-xenial
ssh-rsa AAAAB3NzaC1yc2EAAAADAQABAAABAQCwcocvXCynUwPzX+An0VOX6LM+8nISmV53GiDahdehfwXVKf2/Ijk/nZtZRdUATvXH/Vu1lamAjOk59OVaxskTyNaWTh08XEb4XNQzULDYWb6TNcAeOGefEypoOXQyUFZGV8AtpWVPPiFUvKYqRJEung1OAjQ1wa6f/zz72qsW4heZ3ncPFkkYoiY63MgvEjPGiJPccj4gg+oq+w2z+UTIt8uo3DZEi9pYR+/NWnh1U2o9YNYRxkmZATSw4FF6sbe46HfL2W1dSwSJzwy31V3PrmZnc+LyZXS9ESrzUJFLhrKA07rgmvd30uiVSViHliny0fFJ0o+O7J6pZCtmrGjL root@ubuntu-xenial
-----END SSH HOST KEY KEYS-----
[   31.491460] cloud-init[1225]: Cloud-init v. 18.2 running 'modules:final' at Sat, 05 May 2018 16:55:02 +0000. Up 31.05 seconds.
[[0;32m  OK  [0m[   31.520136] cloud-init[1225]: ci-info: no authorized ssh keys fingerprints found for user ubuntu.
[   31.520311] cloud-init[1225]: Cloud-init v. 18.2 finished at Sat, 05 May 2018 16:55:02 +0000. Datasource DataSourceNoCloud [seed=/dev/sdb][dsmode=net].  Up 31.48 seconds
] Started Execute cloud user/final scripts.
[[0;32m  OK  [0m] Reached target Cloud-init target.

Ubuntu 16.04.4 LTS ubuntu-xenial ttyS0

ubuntu-xenial login: 